"../../../Engine/Content/Functions/Engine_MaterialFunctions01/Shading/PowerToRoughness.uasset" 0
"../../../Engine/Content/Functions/Engine_MaterialFunctions01/Shading/ConvertFromDiffSpec.uasset" 1
"../../../Engine/Content/EngineMaterials/DefaultDiffuse.uasset" 2
"../../../Engine/Content/EngineMaterials/DefaultDeferredDecalMaterial.uasset" 3
"../../../Engine/Content/EngineMaterials/DefaultLightFunctionMaterial.uasset" 4
"../../../Engine/Content/Functions/Engine_MaterialFunctions02/Utility/BreakOutFloat2Components.uasset" 5
"../../../Engine/Content/EngineMaterials/DefaultPostProcessMaterial.uasset" 6
"../../../Engine/Content/EditorMaterials/Camera/CineMat.uasset" 7
"../../../Engine/Content/EditorMaterials/Camera/MI_CineMat_Rig.uasset" 8
"../../../Engine/Content/EditorMeshes/Camera/SM_CraneRig_Base.uasset" 9
"../../../Engine/Content/EditorMeshes/Camera/SM_CraneRig_Arm.uasset" 10
"../../../Engine/Content/EditorMeshes/Camera/SM_CraneRig_Mount.uasset" 11
"../../../Engine/Content/EditorMeshes/Camera/SM_CraneRig_Body.uasset" 12
"../../../Engine/Content/EditorMeshes/Camera/SM_RailRig_Track.uasset" 13
"../../../Engine/Content/EditorMeshes/Camera/SM_RailRig_Mount.uasset" 14
"../../../Engine/Content/EngineResources/AICON-Red.uasset" 15
"../../../Engine/Content/EngineResources/AICON-Green.uasset" 16
"../../../Engine/Content/EngineFonts/Roboto.uasset" 17
"../../../Engine/Content/EngineResources/DefaultTexture.uasset" 18
"../../../Engine/Content/Functions/Engine_MaterialFunctions01/Texturing/ScaleUVsByCenter.uasset" 19
"../../../Engine/Content/Functions/Engine_MaterialFunctions02/ScreenResolution.uasset" 20
"../../../Engine/Content/Functions/Engine_MaterialFunctions02/Texturing/ScreenAlignedUVs.uasset" 21
"../../../Engine/Content/EngineResources/WhiteSquareTexture.uasset" 22
"../../../Engine/Content/EngineMaterials/Widget3DPassThrough.uasset" 23
"../../../Engine/Content/EngineMaterials/Widget3DPassThrough_Translucent.uasset" 24
"../../../Engine/Content/EngineMaterials/Widget3DPassThrough_Translucent_OneSided.uasset" 25
"../../../Engine/Content/EngineMaterials/Widget3DPassThrough_Opaque.uasset" 26
"../../../Engine/Content/EngineMaterials/Widget3DPassThrough_Opaque_OneSided.uasset" 27
"../../../Engine/Content/EngineMaterials/Widget3DPassThrough_Masked.uasset" 28
"../../../Engine/Content/EngineMaterials/Widget3DPassThrough_Masked_OneSided.uasset" 29
"../../../Engine/Content/EditorResources/S_Actor.uasset" 30
"../../../Engine/Content/EditorMaterials/AssetViewer/EpicQuadPanorama_CC+EV1.uasset" 31
"../../../Engine/Content/EditorResources/RGBTable16x1_AssetViewer.uasset" 32
"../../../Engine/Content/Maps/Templates/Thumbnails/Default.uasset" 33
"../../../Engine/Content/Maps/Templates/Thumbnails/VR-Basic.uasset" 34
"../../../Engine/Content/EditorMaterials/ParticleSystems/PSysThumbnail_NoImage.uasset" 35
"../../../Engine/Content/EditorMaterials/ParticleSystems/PSysThumbnail_OOD.uasset" 36
"../../../Engine/Content/EditorLandscapeResources/DataLayer.uasset" 37
"../../../Engine/Content/EngineDamageTypes/DmgTypeBP_Environmental.uasset" 38
"../../../Engine/Content/EngineMeshes/Sphere.uasset" 39
"../../../Engine/Content/EngineFonts/RobotoDistanceField.uasset" 40
"../../../Engine/Content/EngineMaterials/DefaultTextMaterialOpaque.uasset" 41
"../../../Engine/Content/EditorResources/S_Trigger.uasset" 42
"../../../Engine/Content/EngineResources/GradientTexture0.uasset" 43
"../../../Engine/Content/EngineResources/Black.uasset" 44
"../../../Engine/Content/EditorMaterials/MatineeGroups/MAT_Groups_Float.uasset" 45
"../../../Engine/Content/EditorMaterials/MatineeGroups/MAT_Groups_Director.uasset" 46
"../../../Engine/Content/EditorMaterials/MatineeGroups/MAT_Groups_Event.uasset" 47
"../../../Engine/Content/EditorMaterials/MatineeGroups/MAT_Groups_Anim.uasset" 48
"../../../Engine/Content/EditorMaterials/MatineeGroups/MAT_Groups_Fade.uasset" 49
"../../../Engine/Content/EditorMaterials/MatineeGroups/MAT_Groups_Move.uasset" 50
"../../../Engine/Content/EditorMaterials/MatineeGroups/MAT_Groups_Slomo.uasset" 51
"../../../Engine/Content/EditorMaterials/MatineeGroups/MAT_ColorTrack.uasset" 52
"../../../Engine/Content/EditorMaterials/MAT_Groups_Toggle.uasset" 53
"../../../Engine/Content/EditorMaterials/MatineeGroups/MAT_Groups_AudioMaster.uasset" 54
"../../../Engine/Content/EditorMaterials/MatineeGroups/MAT_Groups_Sound.uasset" 55
"../../../Engine/Content/EditorMaterials/MatineeGroups/MAT_Groups_Vector.uasset" 56
"../../../Engine/Content/EditorMaterials/MAT_Groups_Visibility.uasset" 57
"../../../Engine/Content/EngineResources/DefaultTextureCube.uasset" 58
"../../../Engine/Content/Functions/Engine_MaterialFunctions01/Opacity/CameraDepthFade.uasset" 59
"../../../Engine/Content/EngineMaterials/T_Default_Material_Grid_M.uasset" 60
"../../../Engine/Content/EngineMaterials/T_Default_Material_Grid_N.uasset" 61
"../../../Engine/Content/EngineMaterials/DefaultMaterial.uasset" 62
"../../../Engine/Content/EngineMeshes/Cylinder.uasset" 63
"../../../Engine/Content/EngineTireTypes/DefaultTireType.uasset" 64
"../../../Engine/Content/VREditor/LaserPointer/VR_LaserPower_01.uasset" 65
"../../../Engine/Content/VREditor/TransformGizmo/TransformGizmoMaterial.uasset" 66
"../../../Engine/Content/VREditor/TransformGizmo/TranslucentTransformGizmoMaterial.uasset" 67
"../../../Engine/Content/VREditor/TransformGizmo/UniformScaleHandle.uasset" 68
"../../../Engine/Content/VREditor/TransformGizmo/TranslateHandleLong.uasset" 69
"../../../Engine/Content/VREditor/TransformGizmo/PlaneTranslationHandle.uasset" 70
"../../../Engine/Content/VREditor/TransformGizmo/RotationHandleFull.uasset" 71
"../../../Engine/Content/VREditor/TransformGizmo/StretchingHandle.uasset" 72
"../../../Engine/Content/VREditor/TransformGizmo/BoundingBoxCorner.uasset" 73
"../../../Engine/Content/VREditor/TransformGizmo/BoundingBoxEdge.uasset" 74
"../../../Engine/Content/VREditor/UI/SelectionBarMesh.uasset" 75
"../../../Engine/Content/VREditor/UI/CloseButtonMesh.uasset" 76
"../../../Engine/Content/VREditor/FloatingText/LineMaterial.uasset" 77
"../../../Engine/Content/VREditor/FloatingText/LineSegmentCylinder.uasset" 78
"../../../Engine/Content/VREditor/FloatingText/JointSphere.uasset" 79
"../../../Engine/Content/VREditor/Fonts/VRText_RobotoLarge.uasset" 80
"../../../Engine/Content/VREditor/Fonts/VRTextMaterial.uasset" 81
"../../../Engine/Content/VREditor/Fonts/TranslucentVRTextMaterial.uasset" 82
"../../../Engine/Content/VREditor/TransformGizmo/TranslationHandle.uasset" 83
"../../../Engine/Content/VREditor/TransformGizmo/RotationHandle.uasset" 84
"../../../Engine/Content/VREditor/Devices/Generic/GenericHMDMaterial.uasset" 85
"../../../Engine/Content/VREditor/Devices/Generic/GenericHMD.uasset" 86
"../../../Engine/Content/Functions/Engine_MaterialFunctions01/Gradient/RadialGradient.uasset" 87
"../../../Engine/Content/EditorLandscapeResources/FlattenHeightMat.uasset" 88
"../../../Engine/Content/VREditor/WorldMovementGrid/PlaneMesh.uasset" 89
"../../../Engine/Content/VREditor/WorldMovementGrid/SimpleGrid.uasset" 90
"../../../Engine/Content/VREditor/WorldMovementGrid/GridMaterial.uasset" 91
"../../../Engine/Content/VREditor/LaserPointer/LaserPointerMaterial.uasset" 92
"../../../Engine/Content/VREditor/LaserPointer/LaserPointerMaterialInst.uasset" 93
"../../../Engine/Content/VREditor/LaserPointer/TranslucentLaserPointerMaterialInst.uasset" 94
"../../../Engine/Content/VREditor/LaserPointer/LaserPointerMesh.uasset" 95
"../../../Engine/Content/Functions/Engine_MaterialFunctions01/Density/ExponentialDensity.uasset" 96
"../../../Engine/Content/VREditor/WorldMovementGrid/GridPostProcess.uasset" 97
"../../../Engine/Content/VREditor/Sounds/VR_teleport_Cue.uasset" 98
"../../../Engine/Content/VREditor/Sounds/VR_grab_Cue.uasset" 99
"../../../Engine/Content/Tutorial/Basics/TutorialAssets/icon_tab_Levels_40x.uasset" 100
"../../../Engine/Content/Tutorial/BlueprintTutorials/TutorialAssets/Blueprint_64x.uasset" 101
"../../../Engine/Content/Tutorial/ContentIntroCurve.uasset" 102
"../../../Engine/Plugins/2D/Paper2D/Content/PlaceholderTextures/DummySpriteTexture.uasset" 103
"../../../Engine/Plugins/2D/Paper2D/Content/DefaultSpriteMaterial.uasset" 104
"../../../Engine/Plugins/2D/Paper2D/Content/MaskedUnlitSpriteMaterial.uasset" 105
"../../../Engine/Plugins/2D/Paper2D/Content/OpaqueUnlitSpriteMaterial.uasset" 106
"../../../Engine/Plugins/2D/Paper2D/Content/DummySprite.uasset" 107
"../../../Engine/Plugins/2D/Paper2D/Content/DefaultPaperTerrainMaterial.uasset" 108
"../../../Engine/Content/EngineMaterials/RemoveSurfaceMaterial.uasset" 109
"../../../Engine/Content/EngineDebugMaterials/DebugMeshMaterial.uasset" 110
"../../../Engine/Content/EngineMaterials/InvalidLightmapSettings.uasset" 111
"../../../Engine/Content/EngineMaterials/M_InvalidLightmapSettings.uasset" 112
"../../../Engine/Content/EditorMaterials/GizmoMaterial.uasset" 113
"../../../Engine/Content/EngineMaterials/PhAT_JointLimitMaterial.uasset" 114
"../../../Engine/Content/EngineMaterials/Good64x64TilingNoiseHighFreq.uasset" 115
"../../../Engine/Content/EngineMaterials/DefaultBokeh.uasset" 116
"../../../Engine/Content/EngineMaterials/PreintegratedSkinBRDF.uasset" 117
"../../../Engine/Content/EngineMaterials/MiniFont.uasset" 118
"../../../Engine/Content/EngineMaterials/WeightMapPlaceholderTexture.uasset" 119
"../../../Engine/Content/EngineMaterials/DefaultWhiteGrid.uasset" 120
"../../../Engine/Content/EngineMaterials/DefaultPhysicalMaterial.uasset" 121
"../../../Engine/Content/EngineFonts/RobotoTiny.uasset" 122
"../../../Engine/Content/EditorSounds/Notifications/CompileSuccess.uasset" 123
"../../../Engine/Content/EditorSounds/Notifications/CompileStart_Cue.uasset" 124
"../../../Engine/Content/EditorSounds/Notifications/CompileSuccess_Cue.uasset" 125
"../../../Engine/Content/EditorSounds/Notifications/CompileFailed.uasset" 126
"../../../Engine/Content/EditorSounds/Notifications/CompileFailed_Cue.uasset" 127
"../../../Engine/Content/BasicShapes/Sphere.uasset" 128
"../../../Engine/Content/BasicShapes/Cylinder.uasset" 129
"../../../Engine/Content/BasicShapes/Cone.uasset" 130
"../../../Engine/Content/EditorBlueprintResources/StandardMacros.uasset" 131
"../../../ZombieStrategy/Content/Units/Zombie/Skeleton/zombie_Skeleton.uasset" 132
"../../../ZombieStrategy/Content/Units/Zombie/Animations/zombie_attack.uasset" 133
"../../../ZombieStrategy/Content/Units/Zombie/Animations/zombie_dying.uasset" 134
"../../../ZombieStrategy/Content/Units/Zombie/Animations/zombie_idle.uasset" 135
"../../../ZombieStrategy/Content/Units/Zombie/Animations/zombie_run.uasset" 136
"../../../ZombieStrategy/Content/Units/Zombie/Animations/zombie_locomotionBS.uasset" 137
"../../../ZombieStrategy/Content/Units/Human/Male/male_Skeleton.uasset" 138
"../../../ZombieStrategy/Content/Units/Human/Male/Animations/male_anim_death.uasset" 139
"../../../ZombieStrategy/Content/Units/Human/Male/Animations/male_anim_idle.uasset" 140
"../../../ZombieStrategy/Content/Units/Human/Male/Animations/male_anim_run.uasset" 141
"../../../ZombieStrategy/Content/Units/Zombie/AI/ZombieBB.uasset" 142
"../../../ZombieStrategy/Content/Units/CollisionMesh/CollisionMesh.uasset" 143
"../../../ZombieStrategy/Content/Units/Zombie/AI/Tasks/CalcWeightsAndGo.uasset" 144
"../../../ZombieStrategy/Content/Units/Zombie/AI/Tasks/CheckIfHumanIsNear.uasset" 145
"../../../ZombieStrategy/Content/Units/Zombie/AI/Tasks/CheckIfMoving.uasset" 146
"../../../ZombieStrategy/Content/Units/Zombie/AI/Tasks/FindNearestHumanAndAllZombies.uasset" 147
"../../../ZombieStrategy/Content/Units/Zombie/AI/ZombieBT.uasset" 148
"../../../ZombieStrategy/Content/Units/Zombie/BasicZombieController.uasset" 149
"../../../ZombieStrategy/Content/Units/Human/Male/Animations/male_animBP.uasset" 150
"../../../ZombieStrategy/Content/Units/Swat/AI/SwatBB.uasset" 151
"../../../ZombieStrategy/Content/Units/Human/AI/Tasks/CalculateBoids.uasset" 152
"../../../ZombieStrategy/Content/Units/Human/AI/Tasks/CheckIfClear.uasset" 153
"../../../ZombieStrategy/Content/Units/Human/AI/Tasks/DirectionToRandomPlace.uasset" 154
"../../../ZombieStrategy/Content/Units/Human/AI/Tasks/FindNeighbours.uasset" 155
"../../../ZombieStrategy/Content/Units/Human/AI/Tasks/isClear.uasset" 156
"../../../ZombieStrategy/Content/Units/Swat/AI/Tasks/Reload.uasset" 157
"../../../ZombieStrategy/Content/Units/Swat/AI/Tasks/TryShootZombie.uasset" 158
"../../../ZombieStrategy/Content/Units/Swat/AI/SwatBT.uasset" 159
"../../../ZombieStrategy/Content/Units/Swat/BasicSwatController.uasset" 160
"../../../Engine/Content/EngineMaterials/WorldGridMaterial.uasset" 161
"../../../ZombieStrategy/Content/Units/Swat/Mesh/M4A1.uasset" 162
"../../../ZombieStrategy/Content/Units/Swat/Textures/Soldier_Body_diffuse.uasset" 163
"../../../ZombieStrategy/Content/Units/Swat/Textures/Soldier_Body_normal.uasset" 164
"../../../ZombieStrategy/Content/Units/Swat/Textures/Soldier_Body_specular.uasset" 165
"../../../ZombieStrategy/Content/Units/Swat/Material/M_Swat_Body.uasset" 166
"../../../ZombieStrategy/Content/Units/Swat/Textures/Soldier_head_diffuse.uasset" 167
"../../../ZombieStrategy/Content/Units/Swat/Textures/Soldier_head_normal.uasset" 168
"../../../ZombieStrategy/Content/Units/Swat/Textures/Soldier_head_specular.uasset" 169
"../../../ZombieStrategy/Content/Units/Swat/Material/M_Swat_Head.uasset" 170
"../../../ZombieStrategy/Content/Units/Swat/Physics_Asset/PA_Swat.uasset" 171
"../../../ZombieStrategy/Content/Units/Swat/Skeleton/SKEL_Swat.uasset" 172
"../../../ZombieStrategy/Content/Units/Swat/Mesh/SK_Swat.uasset" 173
"../../../ZombieStrategy/Content/Units/Swat/BasicSwat.uasset" 174
"../../../ZombieStrategy/Content/Units/Human/AI/HumanBB.uasset" 175
"../../../ZombieStrategy/Content/Units/Human/AI/Tasks/DirectionToNearestSwat.uasset" 176
"../../../ZombieStrategy/Content/Units/Human/AI/Tasks/FindNearestSwatMember.uasset" 177
"../../../ZombieStrategy/Content/Units/Human/AI/Tasks/RunAwayFromNearestZombie.uasset" 178
"../../../ZombieStrategy/Content/Units/Human/AI/HumanBT.uasset" 179
"../../../ZombieStrategy/Content/Units/Human/BasicHumanController.uasset" 180
"../../../ZombieStrategy/Content/Units/Human/BasicHumanMaterial.uasset" 181
"../../../Engine/Content/BasicShapes/Cube.uasset" 182
"../../../ZombieStrategy/Content/Units/Human/Male/Textures/male_mesh_Body_Diffuse.uasset" 183
"../../../ZombieStrategy/Content/Units/Human/Male/Textures/male_mesh_Body_Normal.uasset" 184
"../../../ZombieStrategy/Content/Units/Human/Male/Textures/male_mesh_Body_Opacity.uasset" 185
"../../../ZombieStrategy/Content/Units/Human/Male/Textures/male_mesh_Body_Specular.uasset" 186
"../../../ZombieStrategy/Content/Units/Human/Male/Materials/Bodymat.uasset" 187
"../../../ZombieStrategy/Content/Units/Human/Male/Textures/male_mesh_Bottom_Diffuse.uasset" 188
"../../../ZombieStrategy/Content/Units/Human/Male/Textures/male_mesh_Bottom_Normal.uasset" 189
"../../../ZombieStrategy/Content/Units/Human/Male/Textures/male_mesh_Bottom_Opacity.uasset" 190
"../../../ZombieStrategy/Content/Units/Human/Male/Textures/male_mesh_Bottom_Specular.uasset" 191
"../../../ZombieStrategy/Content/Units/Human/Male/Materials/Bottommat.uasset" 192
"../../../ZombieStrategy/Content/Units/Human/Male/Textures/male_mesh_Hair_Diffuse.uasset" 193
"../../../ZombieStrategy/Content/Units/Human/Male/Textures/male_mesh_Hair_Normal.uasset" 194
"../../../ZombieStrategy/Content/Units/Human/Male/Textures/male_mesh_Hair_Opacity.uasset" 195
"../../../ZombieStrategy/Content/Units/Human/Male/Textures/male_mesh_Hair_Specular.uasset" 196
"../../../ZombieStrategy/Content/Units/Human/Male/Materials/Hairmat.uasset" 197
"../../../ZombieStrategy/Content/Units/Human/Male/Textures/male_mesh_Shoes_Diffuse.uasset" 198
"../../../ZombieStrategy/Content/Units/Human/Male/Textures/male_mesh_Shoes_Normal.uasset" 199
"../../../ZombieStrategy/Content/Units/Human/Male/Textures/male_mesh_Shoes_Opacity.uasset" 200
"../../../ZombieStrategy/Content/Units/Human/Male/Textures/male_mesh_Shoes_Specular.uasset" 201
"../../../ZombieStrategy/Content/Units/Human/Male/Materials/Shoesmat.uasset" 202
"../../../ZombieStrategy/Content/Units/Human/Male/Textures/male_mesh_Top_Diffuse.uasset" 203
"../../../ZombieStrategy/Content/Units/Human/Male/Textures/male_mesh_Top_Normal.uasset" 204
"../../../ZombieStrategy/Content/Units/Human/Male/Textures/male_mesh_Top_Opacity.uasset" 205
"../../../ZombieStrategy/Content/Units/Human/Male/Textures/male_mesh_Top_Specular.uasset" 206
"../../../ZombieStrategy/Content/Units/Human/Male/Materials/Topmat.uasset" 207
"../../../ZombieStrategy/Content/Units/Human/Male/male_PhysicsAsset.uasset" 208
"../../../ZombieStrategy/Content/Units/Human/Male/male_mesh.uasset" 209
"../../../ZombieStrategy/Content/Units/Human/BasicHuman.uasset" 210
"../../../ZombieStrategy/Content/Units/Zombie/Animations/zombie_animBP.uasset" 211
"../../../ZombieStrategy/Content/Units/Zombie/Materials/BasicZombieMaterial.uasset" 212
"../../../ZombieStrategy/Content/Units/Zombie/Textures/Zombie_diffuse.uasset" 213
"../../../ZombieStrategy/Content/Units/Zombie/Textures/Zombie_normal.uasset" 214
"../../../ZombieStrategy/Content/Units/Zombie/Textures/Zombie_specular.uasset" 215
"../../../ZombieStrategy/Content/Units/Zombie/Materials/Zombie_COL.uasset" 216
"../../../ZombieStrategy/Content/Units/Zombie/PhysicsAsset/zombie_PhysicsAsset.uasset" 217
"../../../ZombieStrategy/Content/Units/Zombie/Mesh/zombie_mesh.uasset" 218
"../../../ZombieStrategy/Content/Units/Zombie/BasicZombie.uasset" 219
"../../../ZombieStrategy/Content/Player/PlayerCameraController.uasset" 220
"../../../ZombieStrategy/Content/HUD/youmurdererbb_reg.uasset" 221
"../../../ZombieStrategy/Content/HUD/ZombieLeft.uasset" 222
"../../../ZombieStrategy/Content/HUD/PlayerHUD.uasset" 223
"../../../ZombieStrategy/Content/Player/PlayerCamera.uasset" 224
"../../../ZombieStrategy/Content/ZombieGameMode.uasset" 225
"../../../Engine/Content/EditorResources/BSPVertex.uasset" 226
"../../../Engine/Content/EngineDebugMaterials/GeomMaterial.uasset" 227
"../../../Engine/Content/EngineDebugMaterials/HeatmapGradient.uasset" 228
"../../../Engine/Content/EngineDebugMaterials/BoneWeightMaterial.uasset" 229
"../../../Engine/Content/EditorMaterials/PreviewShadowIndicator.uasset" 230
"../../../Engine/Content/EditorMaterials/PreviewShadowIndicatorMaterial.uasset" 231
"../../../Engine/Content/EngineMaterials/EditorBrushMaterial.uasset" 232
"../../../Engine/Content/EditorMeshes/ColorCalibrator/M_ChromeBall.uasset" 233
"../../../Engine/Content/EditorMeshes/ColorCalibrator/M_ClearCoat.uasset" 234
"../../../Engine/Content/EditorMeshes/ColorCalibrator/M_ClearCoatBlack.uasset" 235
"../../../Engine/Content/EditorMeshes/ColorCalibrator/T_ColorGrid.uasset" 236
"../../../Engine/Content/EditorMeshes/ColorCalibrator/M_ColorGrid.uasset" 237
"../../../Engine/Content/EditorMeshes/ColorCalibrator/M_GreyBall.uasset" 238
"../../../Engine/Content/EditorMeshes/ColorCalibrator/SM_ColorCalibrator.uasset" 239
"../../../Engine/Content/MobileResources/HUD/VirtualJoystick_Background.uasset" 240
"../../../Engine/Content/MobileResources/HUD/VirtualJoystick_Thumb.uasset" 241
"../../../Engine/Content/MobileResources/HUD/DefaultVirtualJoysticks.uasset" 242
"../../../Engine/Content/Tutorial/SubEditors/TutorialAssets/icon_Editor_Preferences_General_40x.uasset" 243
"../../../Engine/Content/Tutorial/Paper2D/TutorialAssets/Paper2DSprite_TutorialIcon.uasset" 244
"../../../Engine/Content/Tutorial/SubEditors/TutorialAssets/icon_ShowSkeletalMeshes_40x.uasset" 245
"../../../Engine/Content/Tutorial/Landscape/TutorialAssets/Landscape.uasset" 246
"../../../Engine/Content/Tutorial/Foliage/TutorialAssets/Foliage.uasset" 247
"../../../Engine/Content/Tutorial/BlueprintTutorials/TutorialAssets/BlueprintMacroLibrary_64x.uasset" 248
"../../../Engine/Content/Tutorial/BlueprintTutorials/TutorialAssets/BlueprintInterface_64x.uasset" 249
"../../../Engine/Content/Tutorial/Paper2D/TutorialAssets/Paper2DFlipbook_TutorialIcon.uasset" 250
"../../../Engine/Content/MobileResources/HUD/T_Castle_ThumbstickInner.uasset" 251
"../../../Engine/Content/MobileResources/HUD/MobileHUDDirectionPad3.uasset" 252
"../../../Engine/Content/EditorResources/EmptyActor.uasset" 253
"../../../Engine/Content/MobileResources/HUD/MobileHUDDirectionPad2.uasset" 254
"../../../Engine/Content/MobileResources/HUD/MobileHUDDirectionPad.uasset" 255
"../../../Engine/Content/EngineMeshes/Cube.uasset" 256
"../../../Engine/Content/Tutorial/BlueprintTutorials/TutorialAssets/Tutorial_BP_Interface.uasset" 257
"../../../Engine/Content/EditorMeshes/EditorCube.uasset" 258
"../../../Engine/Content/Tutorial/SubEditors/TutorialAssets/Tutorial_DM.uasset" 259
"../../../Engine/Content/Tutorial/SubEditors/TutorialAssets/TutorialMaterial.uasset" 260
"../../../Engine/Content/Tutorial/SubEditors/TutorialAssets/T_SmokeSubUV_8X8.uasset" 261
"../../../Engine/Content/Tutorial/SubEditors/TutorialAssets/T_soft_smoke.uasset" 262
"../../../Engine/Content/Tutorial/SubEditors/TutorialAssets/M_smoke_subUV_blackbody.uasset" 263
"../../../Engine/Content/Tutorial/SubEditors/TutorialAssets/TutorialParticleSystem.uasset" 264
"../../../Engine/Content/MobileResources/HUD/MobileHUDButton2_off.uasset" 265
"../../../Engine/Content/MobileResources/HUD/MobileHUDButton1_on.uasset" 266
"../../../Engine/Content/MobileResources/HUD/MobileHUDButton1_off.uasset" 267
"../../../Engine/Content/MobileResources/HUD/LeftVirtualJoystickOnly.uasset" 268
"../../../Engine/Content/MobileResources/HUD/AnalogHat.uasset" 269
"../../../Engine/Content/MobileResources/T_MobileMenu2.uasset" 270
"../../../Engine/Content/MobileResources/T_MobileControls_texture.uasset" 271
"../../../ZombieStrategy/Content/_ENV/gasStation/lambert1.uasset" 272
"../../../ZombieStrategy/Content/_ENV/gasStation/lambert5.uasset" 273
"../../../ZombieStrategy/Content/_ENV/gasStation/lambert6.uasset" 274
"../../../ZombieStrategy/Content/_ENV/gasStation/lambert7.uasset" 275
"../../../ZombieStrategy/Content/_ENV/gasStation/SM_GenericGasStation_01.uasset" 276
"../../../ZombieStrategy/Content/_ENV/bin/Bin_BagMat.uasset" 277
"../../../ZombieStrategy/Content/_ENV/bin/Bin_BottomMat.uasset" 278
"../../../ZombieStrategy/Content/_ENV/bin/Bin_LidMat.uasset" 279
"../../../ZombieStrategy/Content/_ENV/bin/Plane001Mat.uasset" 280
"../../../ZombieStrategy/Content/_ENV/bin/Bin.uasset" 281
"../../../ZombieStrategy/Content/_ENV/white_bulb.uasset" 282
"../../../ZombieStrategy/Content/_ENV/glass_clear.uasset" 283
"../../../ZombieStrategy/Content/_ENV/blck_reflective.uasset" 284
"../../../ZombieStrategy/Content/Units/Zombie/Animations/zombie_stand_up.uasset" 285
"../../../ZombieStrategy/Content/Units/Zombie/BasicZombieMaterial.uasset" 286
"../../../ZombieStrategy/Content/Units/Swat/Animations/walk_with_rifle.uasset" 287
"../../../ZombieStrategy/Content/Units/Swat/Animations/rifle_run_inPlace.uasset" 288
"../../../ZombieStrategy/Content/Units/Swat/Animations/firing_rifle.uasset" 289
"../../../ZombieStrategy/Content/Units/Swat/Animations/death_from_the_front.uasset" 290
"../../../ZombieStrategy/Content/Units/Swat/Animations/rifle_idle.uasset" 291
"../../../ZombieStrategy/Content/Units/Swat/Animations/ABP_Swat.uasset" 292
"../../../ZombieStrategy/Content/Units/Human/Male/Animations/male_anim_walk.uasset" 293
"../../../ZombieStrategy/Content/Units/Human/Female/female_Skeleton.uasset" 294
"../../../ZombieStrategy/Content/Units/Human/Female/Animations/female_anim_walk.uasset" 295
"../../../Engine/Content/MobileResources/HUD/MobileHUDDirectionStick.uasset" 296
"../../../Engine/Content/MobileResources/HUD/T_Castle_ThumbstickOutter.uasset" 297
"../../../Engine/Content/MobileResources/HUD/MobileHUDButtonFire.uasset" 298
"../../../Engine/Content/MobileResources/HUD/MobileHUDButton2_on.uasset" 299
"../../../Engine/Content/MobileResources/HUD/MobileHUDButton3.uasset" 300
"../../../Engine/Content/Maps/Entry.umap" 301
"../../../ZombieStrategy/Content/Units/Human/Female/Animations/female_anim_death.uasset" 302
"../../../ZombieStrategy/Content/Units/Human/Female/Animations/female_anim_idle.uasset" 303
"../../../ZombieStrategy/Content/Units/Human/Female/Animations/female_anim_run.uasset" 304
"../../../ZombieStrategy/Content/Units/Human/Female/Animations/female_animBP.uasset" 305
"../../../Engine/Content/EngineSky/C_Sky_Cloud_Color.uasset" 306
"../../../Engine/Content/EngineSky/C_Sky_Horizon_Color.uasset" 307
"../../../Engine/Content/EngineSky/C_Sky_Zenith_Color.uasset" 308
"../../../Engine/Content/EngineSky/T_Sky_Blue.uasset" 309
"../../../Engine/Content/EngineSky/T_Sky_Clouds_M.uasset" 310
"../../../Engine/Content/EngineSky/T_Sky_Stars.uasset" 311
"../../../Engine/Content/EngineSky/M_Sky_Panning_Clouds2.uasset" 312
"../../../Engine/Content/EngineSky/SM_SkySphere.uasset" 313
"../../../Engine/Content/EngineSky/BP_Sky_Sphere.uasset" 314
"../../../ZombieStrategy/Content/_ENV/crash_road1.uasset" 315
"../../../ZombieStrategy/Content/_ENV/crash_road1_Mat.uasset" 316
"../../../ZombieStrategy/Content/_ENV/pavement4.uasset" 317
"../../../ZombieStrategy/Content/_ENV/pavement4_Mat.uasset" 318
"../../../Engine/Content/Functions/Engine_MaterialFunctions02/SplitComponents.uasset" 319
"../../../ZombieStrategy/Content/Postprocess/Funcs/MF_CustomDepthColor.uasset" 320
"../../../ZombieStrategy/Content/Postprocess/Funcs/MF_GetPix.uasset" 321
"../../../ZombieStrategy/Content/Postprocess/Funcs/MF_GetPixNormal.uasset" 322
"../../../ZombieStrategy/Content/Postprocess/Funcs/MF_Grayscale.uasset" 323
"../../../ZombieStrategy/Content/Postprocess/Funcs/MF_LhaplusDepth.uasset" 324
"../../../ZombieStrategy/Content/Postprocess/Funcs/MF_LhaplusNormal.uasset" 325
"../../../ZombieStrategy/Content/Postprocess/BlackAndWhite.uasset" 326
"../../../Engine/Content/MapTemplates/SM_Template_Map_Floor.uasset" 327
"../../../ZombieStrategy/Content/_ENV/fontana/fountainDe.uasset" 328
"../../../ZombieStrategy/Content/_ENV/fontana/03___Default.uasset" 329
"../../../ZombieStrategy/Content/_ENV/fontana/fountain.uasset" 330
"../../../ZombieStrategy/Content/_ENV/house1/tex.uasset" 331
"../../../ZombieStrategy/Content/_ENV/house1/house_1.uasset" 332
"../../../ZombieStrategy/Content/_ENV/house1/house1.uasset" 333
"../../../ZombieStrategy/Content/_ENV/house2/tex2.uasset" 334
"../../../ZombieStrategy/Content/_ENV/house2/House_2.uasset" 335
"../../../ZombieStrategy/Content/_ENV/house2/house2.uasset" 336
"../../../ZombieStrategy/Content/_ENV/house3/tex3.uasset" 337
"../../../ZombieStrategy/Content/_ENV/house3/House_3.uasset" 338
"../../../ZombieStrategy/Content/_ENV/house3/house3.uasset" 339
"../../../ZombieStrategy/Content/_ENV/house4/tex4.uasset" 340
"../../../ZombieStrategy/Content/_ENV/house4/House_4.uasset" 341
"../../../ZombieStrategy/Content/_ENV/house4/house4.uasset" 342
"../../../ZombieStrategy/Content/_ENV/lamp/ChippedMetal.uasset" 343
"../../../ZombieStrategy/Content/_ENV/lamp/pasted__blinn1SG.uasset" 344
"../../../ZombieStrategy/Content/_ENV/lamp/Glass.uasset" 345
"../../../ZombieStrategy/Content/_ENV/lamp/pasted__blinn2SG.uasset" 346
"../../../ZombieStrategy/Content/_ENV/lamp/STLamp.uasset" 347
"../../../ZombieStrategy/Content/_ENV/poster/1_-_Default.uasset" 348
"../../../ZombieStrategy/Content/_ENV/poster/2_-_Default.uasset" 349
"../../../ZombieStrategy/Content/_ENV/poster/poster.uasset" 350
"../../../ZombieStrategy/Content/Units/Human/Female/Textures/female_mesh_Body_Diffuse.uasset" 351
"../../../ZombieStrategy/Content/Units/Human/Female/Textures/female_mesh_Body_Normal.uasset" 352
"../../../ZombieStrategy/Content/Units/Human/Female/Textures/female_mesh_Body_Opacity.uasset" 353
"../../../ZombieStrategy/Content/Units/Human/Female/Textures/female_mesh_Body_Specular.uasset" 354
"../../../ZombieStrategy/Content/Units/Human/Female/Materials/Bodymat.uasset" 355
"../../../ZombieStrategy/Content/Units/Human/Female/Materials/Bodymat_eyelashes.uasset" 356
"../../../ZombieStrategy/Content/Units/Human/Female/Textures/female_mesh_Bottom_Diffuse.uasset" 357
"../../../ZombieStrategy/Content/Units/Human/Female/Textures/female_mesh_Bottom_Normal.uasset" 358
"../../../ZombieStrategy/Content/Units/Human/Female/Textures/female_mesh_Bottom_Opacity.uasset" 359
"../../../ZombieStrategy/Content/Units/Human/Female/Textures/female_mesh_Bottom_Specular.uasset" 360
"../../../ZombieStrategy/Content/Units/Human/Female/Materials/Bottommat.uasset" 361
"../../../ZombieStrategy/Content/Units/Human/Female/Textures/female_mesh_Hair_Diffuse.uasset" 362
"../../../ZombieStrategy/Content/Units/Human/Female/Textures/female_mesh_Hair_Normal.uasset" 363
"../../../ZombieStrategy/Content/Units/Human/Female/Textures/female_mesh_Hair_Opacity.uasset" 364
"../../../ZombieStrategy/Content/Units/Human/Female/Textures/female_mesh_Hair_Specular.uasset" 365
"../../../ZombieStrategy/Content/Units/Human/Female/Materials/Hairmat.uasset" 366
"../../../ZombieStrategy/Content/Units/Human/Female/Textures/female_mesh_Shoes_Diffuse.uasset" 367
"../../../ZombieStrategy/Content/Units/Human/Female/Textures/female_mesh_Shoes_Normal.uasset" 368
"../../../ZombieStrategy/Content/Units/Human/Female/Textures/female_mesh_Shoes_Opacity.uasset" 369
"../../../ZombieStrategy/Content/Units/Human/Female/Textures/female_mesh_Shoes_Specular.uasset" 370
"../../../ZombieStrategy/Content/Units/Human/Female/Materials/Shoesmat.uasset" 371
"../../../ZombieStrategy/Content/Units/Human/Female/Textures/female_mesh_Top_Diffuse.uasset" 372
"../../../ZombieStrategy/Content/Units/Human/Female/Textures/female_mesh_Top_Normal.uasset" 373
"../../../ZombieStrategy/Content/Units/Human/Female/Textures/female_mesh_Top_Opacity.uasset" 374
"../../../ZombieStrategy/Content/Units/Human/Female/Textures/female_mesh_Top_Specular.uasset" 375
"../../../ZombieStrategy/Content/Units/Human/Female/Materials/Topmat.uasset" 376
"../../../ZombieStrategy/Content/Units/Human/Female/female_PhysicsAsset.uasset" 377
"../../../ZombieStrategy/Content/Units/Human/Female/female_mesh.uasset" 378
"../../../ZombieStrategy/Content/Maps/level1.umap" 379
